c:\users\martin\onedrive - university of the west of scotland\paul\spoons tavern defence\spoons tavern defence\spoons tavern defence\x64\debug\vc142.pdb
c:\users\martin\onedrive - university of the west of scotland\paul\spoons tavern defence\spoons tavern defence\spoons tavern defence\x64\debug\vc142.idb
c:\users\martin\onedrive - university of the west of scotland\paul\spoons tavern defence\spoons tavern defence\spoons tavern defence\x64\debug\window.obj
c:\users\martin\onedrive - university of the west of scotland\paul\spoons tavern defence\spoons tavern defence\spoons tavern defence\x64\debug\stb_image.obj
c:\users\martin\onedrive - university of the west of scotland\paul\spoons tavern defence\spoons tavern defence\spoons tavern defence\x64\debug\shader.obj
c:\users\martin\onedrive - university of the west of scotland\paul\spoons tavern defence\spoons tavern defence\spoons tavern defence\x64\debug\renderer.obj
c:\users\martin\onedrive - university of the west of scotland\paul\spoons tavern defence\spoons tavern defence\spoons tavern defence\x64\debug\main.obj
c:\users\martin\onedrive - university of the west of scotland\paul\spoons tavern defence\spoons tavern defence\spoons tavern defence\x64\debug\input.obj
c:\users\martin\onedrive - university of the west of scotland\paul\spoons tavern defence\spoons tavern defence\spoons tavern defence\x64\debug\engine.obj
c:\users\martin\onedrive - university of the west of scotland\paul\spoons tavern defence\spoons tavern defence\spoons tavern defence\x64\debug\camera.obj
c:\users\martin\onedrive - university of the west of scotland\paul\spoons tavern defence\spoons tavern defence\x64\debug\spoons tavern defence.pdb
c:\users\martin\onedrive - university of the west of scotland\paul\spoons tavern defence\spoons tavern defence\spoons tavern defence\x64\debug\spoons t.f20692d5.tlog\cl.command.1.tlog
c:\users\martin\onedrive - university of the west of scotland\paul\spoons tavern defence\spoons tavern defence\spoons tavern defence\x64\debug\spoons t.f20692d5.tlog\cl.read.1.tlog
c:\users\martin\onedrive - university of the west of scotland\paul\spoons tavern defence\spoons tavern defence\spoons tavern defence\x64\debug\spoons t.f20692d5.tlog\cl.write.1.tlog
c:\users\martin\onedrive - university of the west of scotland\paul\spoons tavern defence\spoons tavern defence\spoons tavern defence\x64\debug\spoons t.f20692d5.tlog\link-cvtres.read.1.tlog
c:\users\martin\onedrive - university of the west of scotland\paul\spoons tavern defence\spoons tavern defence\spoons tavern defence\x64\debug\spoons t.f20692d5.tlog\link-cvtres.write.1.tlog
c:\users\martin\onedrive - university of the west of scotland\paul\spoons tavern defence\spoons tavern defence\spoons tavern defence\x64\debug\spoons t.f20692d5.tlog\link-rc.read.1.tlog
c:\users\martin\onedrive - university of the west of scotland\paul\spoons tavern defence\spoons tavern defence\spoons tavern defence\x64\debug\spoons t.f20692d5.tlog\link-rc.write.1.tlog
c:\users\martin\onedrive - university of the west of scotland\paul\spoons tavern defence\spoons tavern defence\spoons tavern defence\x64\debug\spoons t.f20692d5.tlog\link.command.1.tlog
c:\users\martin\onedrive - university of the west of scotland\paul\spoons tavern defence\spoons tavern defence\spoons tavern defence\x64\debug\spoons t.f20692d5.tlog\link.read.1.tlog
c:\users\martin\onedrive - university of the west of scotland\paul\spoons tavern defence\spoons tavern defence\spoons tavern defence\x64\debug\spoons t.f20692d5.tlog\link.write.1.tlog
